\BOOKMARK [0][-]{chapter.1}{\376\377\0001\000\040\000L\000i\000e\000n\000s\000\040\000u\000t\000i\000l\000e\000s}{}% 1
\BOOKMARK [1][-]{section.1.1}{\376\377\0001\000.\0001\000\040\000U\000s\000e\000\040\000c\000a\000s\000e}{chapter.1}% 2
\BOOKMARK [1][-]{section.1.2}{\376\377\0001\000.\0002\000\040\000T\000o\000d\000o\000\040\000l\000i\000s\000t\000\040\000\050\000n\000o\000n\000-\000e\000x\000h\000a\000u\000s\000t\000i\000v\000e\000\051}{chapter.1}% 3
\BOOKMARK [0][-]{chapter.2}{\376\377\0002\000\040\000D\000e\000p\000e\000n\000d\000e\000n\000c\000i\000e\000s}{}% 4
\BOOKMARK [1][-]{section.2.1}{\376\377\0002\000.\0001\000\040\000\043\000\043\000\040\000T\000r\000o\000u\000b\000l\000e\000s\000h\000o\000o\000t\000i\000n\000g}{chapter.2}% 5
\BOOKMARK [0][-]{chapter.3}{\376\377\0003\000\040\000L\000I\000C\000E\000N\000C\000E}{}% 6
\BOOKMARK [0][-]{chapter.4}{\376\377\0004\000\040\000U\000s\000a\000g\000e}{}% 7
\BOOKMARK [1][-]{section.4.1}{\376\377\0004\000.\0001\000\040\000P\000r\000e\000r\000e\000q\000u\000i\000s\000i\000t\000e\000s}{chapter.4}% 8
\BOOKMARK [1][-]{section.4.2}{\376\377\0004\000.\0002\000\040\000S\000t\000e\000p\000s}{chapter.4}% 9
\BOOKMARK [1][-]{section.4.3}{\376\377\0004\000.\0003\000\040\000E\000x\000a\000m\000p\000l\000e}{chapter.4}% 10
\BOOKMARK [0][-]{chapter.5}{\376\377\0005\000\040\000A\000u\000t\000o\000m\000a\000t\000i\000c\000-\000l\000o\000o\000p\000-\000c\000o\000l\000l\000a\000p\000s\000i\000n\000g}{}% 11
\BOOKMARK [1][-]{section.5.1}{\376\377\0005\000.\0001\000\040\000I\000n\000s\000t\000a\000l\000l\000a\000t\000i\000o\000n}{chapter.5}% 12
\BOOKMARK [1][-]{section.5.2}{\376\377\0005\000.\0002\000\040\000F\000e\000a\000t\000u\000r\000e\000\040\000D\000e\000f\000i\000n\000i\000t\000i\000o\000n\000s}{chapter.5}% 13
\BOOKMARK [1][-]{section.5.3}{\376\377\0005\000.\0003\000\040\000U\000s\000a\000g\000e}{chapter.5}% 14
\BOOKMARK [1][-]{section.5.4}{\376\377\0005\000.\0004\000\040\000L\000i\000c\000e\000n\000s\000e}{chapter.5}% 15
\BOOKMARK [0][-]{chapter.6}{\376\377\0006\000\040\000D\000a\000t\000a\000\040\000S\000t\000r\000u\000c\000t\000u\000r\000e\000\040\000I\000n\000d\000e\000x}{}% 16
\BOOKMARK [1][-]{section.6.1}{\376\377\0006\000.\0001\000\040\000D\000a\000t\000a\000\040\000S\000t\000r\000u\000c\000t\000u\000r\000e\000s}{chapter.6}% 17
\BOOKMARK [0][-]{chapter.7}{\376\377\0007\000\040\000F\000i\000l\000e\000\040\000I\000n\000d\000e\000x}{}% 18
\BOOKMARK [1][-]{section.7.1}{\376\377\0007\000.\0001\000\040\000F\000i\000l\000e\000\040\000L\000i\000s\000t}{chapter.7}% 19
\BOOKMARK [0][-]{chapter.8}{\376\377\0008\000\040\000D\000a\000t\000a\000\040\000S\000t\000r\000u\000c\000t\000u\000r\000e\000\040\000D\000o\000c\000u\000m\000e\000n\000t\000a\000t\000i\000o\000n}{}% 20
\BOOKMARK [1][-]{section.8.1}{\376\377\0008\000.\0001\000\040\000b\000o\000u\000n\000d\000a\000r\000y\000\040\000S\000t\000r\000u\000c\000t\000\040\000R\000e\000f\000e\000r\000e\000n\000c\000e}{chapter.8}% 21
\BOOKMARK [2][-]{subsection.8.1.1}{\376\377\0008\000.\0001\000.\0001\000\040\000D\000e\000t\000a\000i\000l\000e\000d\000\040\000D\000e\000s\000c\000r\000i\000p\000t\000i\000o\000n}{section.8.1}% 22
\BOOKMARK [1][-]{section.8.2}{\376\377\0008\000.\0002\000\040\000b\000o\000u\000n\000d\000a\000r\000y\000L\000i\000s\000t\000\040\000S\000t\000r\000u\000c\000t\000\040\000R\000e\000f\000e\000r\000e\000n\000c\000e}{chapter.8}% 23
\BOOKMARK [1][-]{section.8.3}{\376\377\0008\000.\0003\000\040\000i\000t\000e\000r\000a\000t\000i\000o\000n\000D\000o\000m\000a\000i\000n\000\040\000S\000t\000r\000u\000c\000t\000\040\000R\000e\000f\000e\000r\000e\000n\000c\000e}{chapter.8}% 24
\BOOKMARK [2][-]{subsection.8.3.1}{\376\377\0008\000.\0003\000.\0001\000\040\000D\000e\000t\000a\000i\000l\000e\000d\000\040\000D\000e\000s\000c\000r\000i\000p\000t\000i\000o\000n}{section.8.3}% 25
\BOOKMARK [1][-]{section.8.4}{\376\377\0008\000.\0004\000\040\000i\000t\000e\000r\000a\000t\000i\000o\000n\000D\000o\000m\000a\000i\000n\000L\000i\000s\000t\000\040\000S\000t\000r\000u\000c\000t\000\040\000R\000e\000f\000e\000r\000e\000n\000c\000e}{chapter.8}% 26
\BOOKMARK [1][-]{section.8.5}{\376\377\0008\000.\0005\000\040\000T\000C\000D\000\137\000F\000l\000o\000w\000D\000a\000t\000a\000\040\000S\000t\000r\000u\000c\000t\000\040\000R\000e\000f\000e\000r\000e\000n\000c\000e}{chapter.8}% 27
\BOOKMARK [2][-]{subsection.8.5.1}{\376\377\0008\000.\0005\000.\0001\000\040\000D\000e\000t\000a\000i\000l\000e\000d\000\040\000D\000e\000s\000c\000r\000i\000p\000t\000i\000o\000n}{section.8.5}% 28
\BOOKMARK [0][-]{chapter.9}{\376\377\0009\000\040\000F\000i\000l\000e\000\040\000D\000o\000c\000u\000m\000e\000n\000t\000a\000t\000i\000o\000n}{}% 29
\BOOKMARK [1][-]{section.9.1}{\376\377\0009\000.\0001\000\040\000i\000n\000c\000l\000u\000d\000e\000/\000c\000o\000d\000e\000g\000e\000n\000.\000h\000\040\000F\000i\000l\000e\000\040\000R\000e\000f\000e\000r\000e\000n\000c\000e}{chapter.9}% 30
\BOOKMARK [2][-]{subsection.9.1.1}{\376\377\0009\000.\0001\000.\0001\000\040\000D\000e\000t\000a\000i\000l\000e\000d\000\040\000D\000e\000s\000c\000r\000i\000p\000t\000i\000o\000n}{section.9.1}% 31
\BOOKMARK [2][-]{subsection.9.1.2}{\376\377\0009\000.\0001\000.\0002\000\040\000F\000u\000n\000c\000t\000i\000o\000n\000\040\000D\000o\000c\000u\000m\000e\000n\000t\000a\000t\000i\000o\000n}{section.9.1}% 32
\BOOKMARK [3][-]{subsubsection.9.1.2.1}{\376\377\0009\000.\0001\000.\0002\000.\0001\000\040\000g\000e\000n\000e\000r\000a\000t\000e\000C\000o\000d\000e\000\050\000\051}{subsection.9.1.2}% 33
\BOOKMARK [3][-]{subsubsection.9.1.2.2}{\376\377\0009\000.\0001\000.\0002\000.\0002\000\040\000g\000e\000n\000e\000r\000a\000t\000e\000H\000e\000a\000d\000e\000r\000F\000i\000l\000e\000\050\000\051}{subsection.9.1.2}% 34
\BOOKMARK [3][-]{subsubsection.9.1.2.3}{\376\377\0009\000.\0001\000.\0002\000.\0003\000\040\000m\000e\000r\000g\000e\000G\000e\000n\000e\000r\000a\000t\000e\000d\000C\000o\000d\000e\000\050\000\051}{subsection.9.1.2}% 35
\BOOKMARK [1][-]{section.9.2}{\376\377\0009\000.\0002\000\040\000i\000n\000c\000l\000u\000d\000e\000/\000d\000a\000t\000a\000.\000h\000\040\000F\000i\000l\000e\000\040\000R\000e\000f\000e\000r\000e\000n\000c\000e}{chapter.9}% 36
\BOOKMARK [2][-]{subsection.9.2.1}{\376\377\0009\000.\0002\000.\0001\000\040\000D\000e\000t\000a\000i\000l\000e\000d\000\040\000D\000e\000s\000c\000r\000i\000p\000t\000i\000o\000n}{section.9.2}% 37
\BOOKMARK [2][-]{subsection.9.2.2}{\376\377\0009\000.\0002\000.\0002\000\040\000F\000u\000n\000c\000t\000i\000o\000n\000\040\000D\000o\000c\000u\000m\000e\000n\000t\000a\000t\000i\000o\000n}{section.9.2}% 38
\BOOKMARK [3][-]{subsubsection.9.2.2.1}{\376\377\0009\000.\0002\000.\0002\000.\0001\000\040\000c\000o\000p\000y\000B\000o\000u\000n\000d\000a\000r\000y\000\050\000\051}{subsection.9.2.2}% 39
\BOOKMARK [3][-]{subsubsection.9.2.2.2}{\376\377\0009\000.\0002\000.\0002\000.\0002\000\040\000c\000o\000p\000y\000I\000t\000e\000r\000a\000t\000i\000o\000n\000D\000o\000m\000a\000i\000n\000\050\000\051}{subsection.9.2.2}% 40
\BOOKMARK [3][-]{subsubsection.9.2.2.3}{\376\377\0009\000.\0002\000.\0002\000.\0003\000\040\000g\000e\000t\000B\000o\000u\000n\000d\000a\000r\000i\000e\000s\000\050\000\051}{subsection.9.2.2}% 41
\BOOKMARK [3][-]{subsubsection.9.2.2.4}{\376\377\0009\000.\0002\000.\0002\000.\0004\000\040\000g\000e\000t\000B\000o\000u\000n\000d\000a\000r\000y\000\050\000\051}{subsection.9.2.2}% 42
\BOOKMARK [3][-]{subsubsection.9.2.2.5}{\376\377\0009\000.\0002\000.\0002\000.\0005\000\040\000p\000r\000i\000n\000t\000B\000o\000u\000n\000d\000a\000r\000i\000e\000s\000\050\000\051}{subsection.9.2.2}% 43
\BOOKMARK [1][-]{section.9.3}{\376\377\0009\000.\0003\000\040\000i\000n\000c\000l\000u\000d\000e\000/\000f\000l\000o\000w\000.\000h\000\040\000F\000i\000l\000e\000\040\000R\000e\000f\000e\000r\000e\000n\000c\000e}{chapter.9}% 44
\BOOKMARK [2][-]{subsection.9.3.1}{\376\377\0009\000.\0003\000.\0001\000\040\000D\000e\000t\000a\000i\000l\000e\000d\000\040\000D\000e\000s\000c\000r\000i\000p\000t\000i\000o\000n}{section.9.3}% 45
\BOOKMARK [2][-]{subsection.9.3.2}{\376\377\0009\000.\0003\000.\0002\000\040\000F\000u\000n\000c\000t\000i\000o\000n\000\040\000D\000o\000c\000u\000m\000e\000n\000t\000a\000t\000i\000o\000n}{section.9.3}% 46
\BOOKMARK [3][-]{subsubsection.9.3.2.1}{\376\377\0009\000.\0003\000.\0002\000.\0001\000\040\000e\000n\000d\000T\000c\000d\000F\000l\000o\000w\000\050\000\051}{subsection.9.3.2}% 47
\BOOKMARK [3][-]{subsubsection.9.3.2.2}{\376\377\0009\000.\0003\000.\0002\000.\0002\000\040\000i\000n\000i\000t\000T\000c\000d\000F\000l\000o\000w\000\050\000\051}{subsection.9.3.2}% 48
\BOOKMARK [1][-]{section.9.4}{\376\377\0009\000.\0004\000\040\000i\000n\000c\000l\000u\000d\000e\000/\000f\000o\000r\000m\000a\000t\000\137\000h\000e\000l\000p\000e\000r\000.\000h\000\040\000F\000i\000l\000e\000\040\000R\000e\000f\000e\000r\000e\000n\000c\000e}{chapter.9}% 49
\BOOKMARK [2][-]{subsection.9.4.1}{\376\377\0009\000.\0004\000.\0001\000\040\000D\000e\000t\000a\000i\000l\000e\000d\000\040\000D\000e\000s\000c\000r\000i\000p\000t\000i\000o\000n}{section.9.4}% 50
\BOOKMARK [2][-]{subsection.9.4.2}{\376\377\0009\000.\0004\000.\0002\000\040\000F\000u\000n\000c\000t\000i\000o\000n\000\040\000D\000o\000c\000u\000m\000e\000n\000t\000a\000t\000i\000o\000n}{section.9.4}% 51
\BOOKMARK [3][-]{subsubsection.9.4.2.1}{\376\377\0009\000.\0004\000.\0002\000.\0001\000\040\000d\000i\000g\000i\000t\000\137\000c\000h\000e\000c\000k\000\050\000\051}{subsection.9.4.2}% 52
\BOOKMARK [3][-]{subsubsection.9.4.2.2}{\376\377\0009\000.\0004\000.\0002\000.\0002\000\040\000t\000a\000b\000S\000t\000r\000i\000n\000g\000\050\000\051}{subsection.9.4.2}% 53
\BOOKMARK [3][-]{subsubsection.9.4.2.3}{\376\377\0009\000.\0004\000.\0002\000.\0003\000\040\000t\000a\000b\000S\000t\000r\000i\000n\000g\000R\000e\000t\000u\000r\000n\000\050\000\051}{subsection.9.4.2}% 54
\BOOKMARK [3][-]{subsubsection.9.4.2.4}{\376\377\0009\000.\0004\000.\0002\000.\0004\000\040\000t\000a\000k\000e\000\050\000\051}{subsection.9.4.2}% 55
\BOOKMARK [1][-]{section.9.5}{\376\377\0009\000.\0005\000\040\000i\000n\000c\000l\000u\000d\000e\000/\000f\000s\000.\000h\000\040\000F\000i\000l\000e\000\040\000R\000e\000f\000e\000r\000e\000n\000c\000e}{chapter.9}% 56
\BOOKMARK [2][-]{subsection.9.5.1}{\376\377\0009\000.\0005\000.\0001\000\040\000D\000e\000t\000a\000i\000l\000e\000d\000\040\000D\000e\000s\000c\000r\000i\000p\000t\000i\000o\000n}{section.9.5}% 57
\BOOKMARK [2][-]{subsection.9.5.2}{\376\377\0009\000.\0005\000.\0002\000\040\000F\000u\000n\000c\000t\000i\000o\000n\000\040\000D\000o\000c\000u\000m\000e\000n\000t\000a\000t\000i\000o\000n}{section.9.5}% 58
\BOOKMARK [3][-]{subsubsection.9.5.2.1}{\376\377\0009\000.\0005\000.\0002\000.\0001\000\040\000f\000s\000\137\000o\000p\000e\000n\000\050\000\051}{subsection.9.5.2}% 59
\BOOKMARK [3][-]{subsubsection.9.5.2.2}{\376\377\0009\000.\0005\000.\0002\000.\0002\000\040\000f\000s\000\137\000r\000e\000w\000i\000n\000d\000\050\000\051}{subsection.9.5.2}% 60
\BOOKMARK [3][-]{subsubsection.9.5.2.3}{\376\377\0009\000.\0005\000.\0002\000.\0003\000\040\000f\000s\000\137\000w\000r\000i\000t\000e\000f\000\050\000\051}{subsection.9.5.2}% 61
\BOOKMARK [3][-]{subsubsection.9.5.2.4}{\376\377\0009\000.\0005\000.\0002\000.\0004\000\040\000f\000s\000\137\000w\000r\000i\000t\000e\000f\000t\000\050\000\051}{subsection.9.5.2}% 62
\BOOKMARK [1][-]{section.9.6}{\376\377\0009\000.\0006\000\040\000s\000r\000c\000/\000c\000o\000d\000e\000g\000e\000n\000.\000c\000\040\000F\000i\000l\000e\000\040\000R\000e\000f\000e\000r\000e\000n\000c\000e}{chapter.9}% 63
\BOOKMARK [1][-]{section.9.7}{\376\377\0009\000.\0007\000\040\000s\000r\000c\000/\000f\000l\000o\000w\000.\000c\000\040\000F\000i\000l\000e\000\040\000R\000e\000f\000e\000r\000e\000n\000c\000e}{chapter.9}% 64
\BOOKMARK [2][-]{subsection.9.7.1}{\376\377\0009\000.\0007\000.\0001\000\040\000D\000e\000t\000a\000i\000l\000e\000d\000\040\000D\000e\000s\000c\000r\000i\000p\000t\000i\000o\000n}{section.9.7}% 65
\BOOKMARK [2][-]{subsection.9.7.2}{\376\377\0009\000.\0007\000.\0002\000\040\000F\000u\000n\000c\000t\000i\000o\000n\000\040\000D\000o\000c\000u\000m\000e\000n\000t\000a\000t\000i\000o\000n}{section.9.7}% 66
\BOOKMARK [3][-]{subsubsection.9.7.2.1}{\376\377\0009\000.\0007\000.\0002\000.\0001\000\040\000e\000n\000d\000T\000c\000d\000F\000l\000o\000w\000\050\000\051}{subsection.9.7.2}% 67
\BOOKMARK [3][-]{subsubsection.9.7.2.2}{\376\377\0009\000.\0007\000.\0002\000.\0002\000\040\000i\000n\000i\000t\000T\000c\000d\000F\000l\000o\000w\000\050\000\051}{subsection.9.7.2}% 68
\BOOKMARK [1][-]{section.9.8}{\376\377\0009\000.\0008\000\040\000s\000r\000c\000/\000f\000o\000r\000m\000a\000t\000\137\000h\000e\000l\000p\000e\000r\000.\000c\000\040\000F\000i\000l\000e\000\040\000R\000e\000f\000e\000r\000e\000n\000c\000e}{chapter.9}% 69
\BOOKMARK [2][-]{subsection.9.8.1}{\376\377\0009\000.\0008\000.\0001\000\040\000D\000e\000t\000a\000i\000l\000e\000d\000\040\000D\000e\000s\000c\000r\000i\000p\000t\000i\000o\000n}{section.9.8}% 70
\BOOKMARK [2][-]{subsection.9.8.2}{\376\377\0009\000.\0008\000.\0002\000\040\000F\000u\000n\000c\000t\000i\000o\000n\000\040\000D\000o\000c\000u\000m\000e\000n\000t\000a\000t\000i\000o\000n}{section.9.8}% 71
\BOOKMARK [3][-]{subsubsection.9.8.2.1}{\376\377\0009\000.\0008\000.\0002\000.\0001\000\040\000d\000i\000g\000i\000t\000\137\000c\000h\000e\000c\000k\000\050\000\051}{subsection.9.8.2}% 72
\BOOKMARK [3][-]{subsubsection.9.8.2.2}{\376\377\0009\000.\0008\000.\0002\000.\0002\000\040\000t\000a\000b\000S\000t\000r\000i\000n\000g\000\050\000\051}{subsection.9.8.2}% 73
\BOOKMARK [3][-]{subsubsection.9.8.2.3}{\376\377\0009\000.\0008\000.\0002\000.\0003\000\040\000t\000a\000b\000S\000t\000r\000i\000n\000g\000R\000e\000t\000u\000r\000n\000\050\000\051}{subsection.9.8.2}% 74
\BOOKMARK [3][-]{subsubsection.9.8.2.4}{\376\377\0009\000.\0008\000.\0002\000.\0004\000\040\000t\000a\000k\000e\000\050\000\051}{subsection.9.8.2}% 75
\BOOKMARK [1][-]{section.9.9}{\376\377\0009\000.\0009\000\040\000s\000r\000c\000/\000f\000s\000.\000c\000\040\000F\000i\000l\000e\000\040\000R\000e\000f\000e\000r\000e\000n\000c\000e}{chapter.9}% 76
\BOOKMARK [2][-]{subsection.9.9.1}{\376\377\0009\000.\0009\000.\0001\000\040\000D\000e\000t\000a\000i\000l\000e\000d\000\040\000D\000e\000s\000c\000r\000i\000p\000t\000i\000o\000n}{section.9.9}% 77
\BOOKMARK [2][-]{subsection.9.9.2}{\376\377\0009\000.\0009\000.\0002\000\040\000F\000u\000n\000c\000t\000i\000o\000n\000\040\000D\000o\000c\000u\000m\000e\000n\000t\000a\000t\000i\000o\000n}{section.9.9}% 78
\BOOKMARK [3][-]{subsubsection.9.9.2.1}{\376\377\0009\000.\0009\000.\0002\000.\0001\000\040\000f\000s\000\137\000o\000p\000e\000n\000\050\000\051}{subsection.9.9.2}% 79
\BOOKMARK [3][-]{subsubsection.9.9.2.2}{\376\377\0009\000.\0009\000.\0002\000.\0002\000\040\000f\000s\000\137\000r\000e\000w\000i\000n\000d\000\050\000\051}{subsection.9.9.2}% 80
\BOOKMARK [3][-]{subsubsection.9.9.2.3}{\376\377\0009\000.\0009\000.\0002\000.\0003\000\040\000f\000s\000\137\000w\000r\000i\000t\000e\000f\000\050\000\051}{subsection.9.9.2}% 81
\BOOKMARK [3][-]{subsubsection.9.9.2.4}{\376\377\0009\000.\0009\000.\0002\000.\0004\000\040\000f\000s\000\137\000w\000r\000i\000t\000e\000f\000t\000\050\000\051}{subsection.9.9.2}% 82
\BOOKMARK [0][-]{section*.20}{\376\377\000I\000n\000d\000e\000x}{}% 83
